<?xml version="1.0" encoding="UTF-8"?>
<!-- Generated by org.testng.reporters.JUnitReportReporter -->
<testsuite skipped="0" hostname="Dell-PC" name="karishma.New" tests="1" failures="0" timestamp="07 Aug 2017 12:12:02 GMT" time="61.206" errors="0">
  <testcase name="doTest" time="61.206" classname="karishma.New"/>
</testsuite> <!-- karishma.New -->
