<?xml version="1.0" encoding="UTF-8"?>
<!-- Generated by org.testng.reporters.JUnitReportReporter -->
<testsuite skipped="0" hostname="Dell-PC" name="karishma.NewTest" tests="1" failures="0" timestamp="10 Aug 2017 05:50:53 GMT" time="71.065" errors="0">
  <testcase name="f" time="71.065" classname="karishma.NewTest"/>
</testsuite> <!-- karishma.NewTest -->
