<?xml version="1.0" encoding="UTF-8"?>
<!-- Generated by org.testng.reporters.JUnitReportReporter -->
<testsuite skipped="0" hostname="Dell-PC" name="karishma.Kuch" tests="1" failures="0" timestamp="19 Aug 2017 04:37:27 GMT" time="63.854" errors="0">
  <testcase name="f" time="63.854" classname="karishma.Kuch"/>
</testsuite> <!-- karishma.Kuch -->
