<?xml version="1.0" encoding="UTF-8"?>
<!-- Generated by org.testng.reporters.JUnitReportReporter -->
<testsuite skipped="0" hostname="Dell-PC" name="karishma.AllTests" tests="2" failures="0" timestamp="19 Sep 2017 06:44:34 GMT" time="0.087" errors="0">
  <testcase name="m2" time="0.085" classname="karishma.AllTests"/>
  <testcase name="m1" time="0.002" classname="karishma.AllTests"/>
</testsuite> <!-- karishma.AllTests -->
